build/intermediates/manifest_merge_blame_file/debug/manifest-merger-blame-debug-report.txt
1<?xml version="1.0" encoding="utf-8"?>
2<manifest xmlns:android="http://schemas.android.com/apk/res/android"
3    package="com.cyclopos.cyclop_connect"
4    android:versionCode="11700"
5    android:versionName="1.17.0" >
6
7    <uses-sdk
8        android:minSdkVersion="14"
8-->git/cyclop-connect-android/AndroidManifest.xml
9        android:targetSdkVersion="29" />
9-->git/cyclop-connect-android/AndroidManifest.xml
10
11    <supports-screens
11-->git/cyclop-connect-android/AndroidManifest.xml:8:5-13:40
12        android:anyDensity="true"
12-->git/cyclop-connect-android/AndroidManifest.xml:9:9-34
13        android:largeScreens="true"
13-->git/cyclop-connect-android/AndroidManifest.xml:10:9-36
14        android:normalScreens="true"
14-->git/cyclop-connect-android/AndroidManifest.xml:11:9-37
15        android:smallScreens="true"
15-->git/cyclop-connect-android/AndroidManifest.xml:12:9-36
16        android:xlargeScreens="true" />
16-->git/cyclop-connect-android/AndroidManifest.xml:13:9-37
17
18    <uses-feature
18-->git/cyclop-connect-android/AndroidManifest.xml:15:5-17:36
19        android:name="android.hardware.telephony"
19-->git/cyclop-connect-android/AndroidManifest.xml:16:9-50
20        android:required="false" />
20-->git/cyclop-connect-android/AndroidManifest.xml:17:9-33
21
22    <uses-permission android:name="android.permission.ACCESS_WIFI_STATE" />
22-->git/cyclop-connect-android/AndroidManifest.xml:19:5-76
22-->git/cyclop-connect-android/AndroidManifest.xml:19:22-73
23    <uses-permission android:name="android.permission.RECEIVE_BOOT_COMPLETED" />
23-->git/cyclop-connect-android/AndroidManifest.xml:20:5-81
23-->git/cyclop-connect-android/AndroidManifest.xml:20:22-78
24    <uses-permission android:name="android.permission.INTERNET" />
24-->git/cyclop-connect-android/AndroidManifest.xml:21:5-67
24-->git/cyclop-connect-android/AndroidManifest.xml:21:22-64
25    <!-- <uses-permission android:name="android.permission.BLUETOOTH" /> -->
26    <!-- <uses-permission android:name="android.permission.BLUETOOTH_ADMIN" /> -->
27    <uses-permission android:name="android.permission.ACCESS_NETWORK_STATE" />
27-->git/cyclop-connect-android/AndroidManifest.xml:24:5-79
27-->git/cyclop-connect-android/AndroidManifest.xml:24:22-76
28    <uses-permission android:name="android.permission.CHANGE_NETWORK_STATE" />
28-->git/cyclop-connect-android/AndroidManifest.xml:25:5-79
28-->git/cyclop-connect-android/AndroidManifest.xml:25:22-76
29    <uses-permission android:name="android.permission.CHANGE_WIFI_STATE" />
29-->git/cyclop-connect-android/AndroidManifest.xml:26:5-76
29-->git/cyclop-connect-android/AndroidManifest.xml:26:22-73
30    <uses-permission android:name="android.permission.CHANGE_WIFI_MULTICAST_STATE" />
30-->git/cyclop-connect-android/AndroidManifest.xml:27:5-86
30-->git/cyclop-connect-android/AndroidManifest.xml:27:22-83
31    <uses-permission android:name="android.permission.READ_PHONE_STATE" />
31-->git/cyclop-connect-android/AndroidManifest.xml:28:5-75
31-->git/cyclop-connect-android/AndroidManifest.xml:28:22-72
32    <uses-permission android:name="android.permission.READ_CONTACTS" />
32-->git/cyclop-connect-android/AndroidManifest.xml:29:5-72
32-->git/cyclop-connect-android/AndroidManifest.xml:29:22-69
33    <uses-permission android:name="android.permission.READ_EXTERNAL_STORAGE" />
33-->git/cyclop-connect-android/AndroidManifest.xml:30:5-80
33-->git/cyclop-connect-android/AndroidManifest.xml:30:22-77
34    <uses-permission android:name="android.permission.VIBRATE" />
34-->git/cyclop-connect-android/AndroidManifest.xml:31:5-66
34-->git/cyclop-connect-android/AndroidManifest.xml:31:22-63
35    <uses-permission android:name="android.permission.WRITE_EXTERNAL_STORAGE" />
35-->git/cyclop-connect-android/AndroidManifest.xml:32:5-81
35-->git/cyclop-connect-android/AndroidManifest.xml:32:22-78
36    <uses-permission android:name="android.permission.DOWNLOAD_WITHOUT_NOTIFICATION" />
36-->git/cyclop-connect-android/AndroidManifest.xml:33:5-88
36-->git/cyclop-connect-android/AndroidManifest.xml:33:22-85
37    <uses-permission android:name="android.permission.FOREGROUND_SERVICE" />
37-->git/cyclop-connect-android/AndroidManifest.xml:34:5-77
37-->git/cyclop-connect-android/AndroidManifest.xml:34:22-74
38    <uses-permission android:name="android.permission.READ_CALL_LOG" />
38-->git/cyclop-connect-android/AndroidManifest.xml:35:5-72
38-->git/cyclop-connect-android/AndroidManifest.xml:35:22-69
39    <uses-permission android:name="android.permission.SEND_SMS" />
39-->git/cyclop-connect-android/AndroidManifest.xml:36:5-67
39-->git/cyclop-connect-android/AndroidManifest.xml:36:22-64
40    <uses-permission android:name="android.permission.READ_SMS" />
40-->git/cyclop-connect-android/AndroidManifest.xml:37:5-67
40-->git/cyclop-connect-android/AndroidManifest.xml:37:22-64
41    <uses-permission android:name="android.permission.RECEIVE_SMS" />
41-->git/cyclop-connect-android/AndroidManifest.xml:38:5-70
41-->git/cyclop-connect-android/AndroidManifest.xml:38:22-67
42    <uses-permission android:name="android.permission.RECEIVE_MMS" />
42-->git/cyclop-connect-android/AndroidManifest.xml:39:5-70
42-->git/cyclop-connect-android/AndroidManifest.xml:39:22-67
43    <uses-permission android:name="android.permission.WAKE_LOCK" />
43-->git/cyclop-connect-android/AndroidManifest.xml:40:5-68
43-->git/cyclop-connect-android/AndroidManifest.xml:40:22-65
44    <uses-permission android:name="android.permission.REQUEST_INSTALL_PACKAGES" />
44-->git/cyclop-connect-android/AndroidManifest.xml:41:5-83
44-->git/cyclop-connect-android/AndroidManifest.xml:41:22-80
45    <uses-permission android:name="android.permission.USE_FULL_SCREEN_INTENT" />
45-->git/cyclop-connect-android/AndroidManifest.xml:42:5-81
45-->git/cyclop-connect-android/AndroidManifest.xml:42:22-78
46    <uses-permission android:name="android.permission.ACCESS_FINE_LOCATION" />
46-->git/cyclop-connect-android/AndroidManifest.xml:43:5-79
46-->git/cyclop-connect-android/AndroidManifest.xml:43:22-76
47    <uses-permission android:name="android.permission.RECORD_AUDIO" />
47-->git/cyclop-connect-android/AndroidManifest.xml:44:5-71
47-->git/cyclop-connect-android/AndroidManifest.xml:44:22-68
48
49    <queries>
49-->[androidx.media:media:1.3.1] AndroidManifest.xml:24:5-28:15
50        <intent>
50-->[androidx.media:media:1.3.1] AndroidManifest.xml:25:9-27:18
51            <action android:name="android.media.browse.MediaBrowserService" />
51-->[androidx.media:media:1.3.1] AndroidManifest.xml:26:13-79
51-->[androidx.media:media:1.3.1] AndroidManifest.xml:26:21-76
52        </intent>
53    </queries>
54
55    <application
55-->git/cyclop-connect-android/AndroidManifest.xml:48:5-372:19
56        android:name="org.kde.kdeconnect.MyApplication"
56-->git/cyclop-connect-android/AndroidManifest.xml:56:9-56
57        android:allowBackup="false"
57-->git/cyclop-connect-android/AndroidManifest.xml:53:9-36
58        android:appComponentFactory="androidx.core.app.CoreComponentFactory"
58-->[androidx.core:core:1.3.2] AndroidManifest.xml:24:18-86
59        android:debuggable="true"
60        android:icon="@mipmap/ic_launcher"
60-->git/cyclop-connect-android/AndroidManifest.xml:49:9-43
61        android:label="Cyclop Connect"
61-->git/cyclop-connect-android/AndroidManifest.xml:51:9-39
62        android:networkSecurityConfig="@xml/network_security_config"
62-->git/cyclop-connect-android/AndroidManifest.xml:54:9-69
63        android:roundIcon="@mipmap/ic_launcher_round"
63-->git/cyclop-connect-android/AndroidManifest.xml:50:9-54
64        android:supportsRtl="true"
64-->git/cyclop-connect-android/AndroidManifest.xml:52:9-35
65        android:testOnly="true"
66        android:theme="@style/KdeConnectTheme.NoActionBar" >
66-->git/cyclop-connect-android/AndroidManifest.xml:55:9-59
67        <receiver
67-->git/cyclop-connect-android/AndroidManifest.xml:58:9-67:20
68            android:name="com.android.mms.transaction.PushReceiver"
68-->git/cyclop-connect-android/AndroidManifest.xml:59:13-68
69            android:exported="true"
69-->git/cyclop-connect-android/AndroidManifest.xml:60:13-36
70            android:permission="android.permission.BROADCAST_WAP_PUSH" >
70-->git/cyclop-connect-android/AndroidManifest.xml:61:13-71
71            <intent-filter>
71-->git/cyclop-connect-android/AndroidManifest.xml:62:13-66:29
72                <action android:name="android.provider.Telephony.WAP_PUSH_DELIVER" />
72-->git/cyclop-connect-android/AndroidManifest.xml:63:17-86
72-->git/cyclop-connect-android/AndroidManifest.xml:63:25-83
73
74                <data android:mimeType="application/vnd.wap.mms-message" />
74-->git/cyclop-connect-android/AndroidManifest.xml:65:17-76
74-->git/cyclop-connect-android/AndroidManifest.xml:65:23-73
75            </intent-filter>
76        </receiver>
77
78        <service
78-->git/cyclop-connect-android/AndroidManifest.xml:69:9-72:39
79            android:name="com.android.mms.transaction.TransactionService"
79-->git/cyclop-connect-android/AndroidManifest.xml:70:13-74
80            android:enabled="true"
80-->git/cyclop-connect-android/AndroidManifest.xml:71:13-35
81            android:exported="true" />
81-->git/cyclop-connect-android/AndroidManifest.xml:72:13-36
82        <service
82-->git/cyclop-connect-android/AndroidManifest.xml:74:9-78:38
83            android:name="org.kde.kdeconnect.BackgroundService"
83-->git/cyclop-connect-android/AndroidManifest.xml:75:13-64
84            android:enabled="true"
84-->git/cyclop-connect-android/AndroidManifest.xml:78:13-35
85            android:foregroundServiceType="connectedDevice"
85-->git/cyclop-connect-android/AndroidManifest.xml:76:13-60
86            android:icon="@mipmap/ic_launcher" />
86-->git/cyclop-connect-android/AndroidManifest.xml:77:13-47
87        <service
87-->git/cyclop-connect-android/AndroidManifest.xml:79:9-90:19
88            android:name="org.kde.kdeconnect.Plugins.RemoteKeyboardPlugin.RemoteKeyboardService"
88-->git/cyclop-connect-android/AndroidManifest.xml:80:13-97
89            android:label="@string/remote_keyboard_service"
89-->git/cyclop-connect-android/AndroidManifest.xml:81:13-60
90            android:permission="android.permission.BIND_INPUT_METHOD" >
90-->git/cyclop-connect-android/AndroidManifest.xml:82:13-70
91            <intent-filter>
91-->git/cyclop-connect-android/AndroidManifest.xml:83:13-85:29
92                <action android:name="android.view.InputMethod" />
92-->git/cyclop-connect-android/AndroidManifest.xml:84:17-67
92-->git/cyclop-connect-android/AndroidManifest.xml:84:25-64
93            </intent-filter>
94
95            <meta-data
95-->git/cyclop-connect-android/AndroidManifest.xml:87:13-89:71
96                android:name="android.view.im"
96-->git/cyclop-connect-android/AndroidManifest.xml:88:17-47
97                android:resource="@xml/remotekeyboardplugin_method" />
97-->git/cyclop-connect-android/AndroidManifest.xml:89:17-68
98        </service>
99
100        <activity
100-->git/cyclop-connect-android/AndroidManifest.xml:92:9-107:20
101            android:name="org.kde.kdeconnect.UserInterface.MainActivity"
101-->git/cyclop-connect-android/AndroidManifest.xml:93:13-73
102            android:label="Cyclop Connect"
102-->git/cyclop-connect-android/AndroidManifest.xml:94:13-43
103            android:theme="@style/KdeConnectTheme.NoActionBar" >
103-->git/cyclop-connect-android/AndroidManifest.xml:95:13-63
104            <intent-filter>
104-->git/cyclop-connect-android/AndroidManifest.xml:96:13-100:29
105                <action android:name="android.intent.action.MAIN" />
105-->git/cyclop-connect-android/AndroidManifest.xml:97:17-69
105-->git/cyclop-connect-android/AndroidManifest.xml:97:25-66
106
107                <category android:name="android.intent.category.LAUNCHER" />
107-->git/cyclop-connect-android/AndroidManifest.xml:99:17-77
107-->git/cyclop-connect-android/AndroidManifest.xml:99:27-74
108            </intent-filter>
109            <intent-filter>
109-->git/cyclop-connect-android/AndroidManifest.xml:101:13-106:29
110                <action android:name="android.intent.action.SEND_MULTIPLE" />
110-->git/cyclop-connect-android/AndroidManifest.xml:102:17-78
110-->git/cyclop-connect-android/AndroidManifest.xml:102:25-75
111
112                <category android:name="android.intent.category.DEFAULT" />
112-->git/cyclop-connect-android/AndroidManifest.xml:103:17-76
112-->git/cyclop-connect-android/AndroidManifest.xml:103:27-73
113
114                <data android:mimeType="image/*" />
114-->git/cyclop-connect-android/AndroidManifest.xml:65:17-76
114-->git/cyclop-connect-android/AndroidManifest.xml:65:23-73
115            </intent-filter>
116        </activity>
117        <activity
117-->git/cyclop-connect-android/AndroidManifest.xml:108:9-115:20
118            android:name="org.kde.kdeconnect.UserInterface.PluginSettingsActivity"
118-->git/cyclop-connect-android/AndroidManifest.xml:109:13-83
119            android:label="@string/device_menu_plugins"
119-->git/cyclop-connect-android/AndroidManifest.xml:110:13-56
120            android:parentActivityName="org.kde.kdeconnect.UserInterface.MainActivity" >
120-->git/cyclop-connect-android/AndroidManifest.xml:111:13-87
121            <meta-data
121-->git/cyclop-connect-android/AndroidManifest.xml:112:13-114:81
122                android:name="android.support.PARENT_ACTIVITY"
122-->git/cyclop-connect-android/AndroidManifest.xml:113:17-63
123                android:value="org.kde.kdeconnect.UserInterface.MainActivity" />
123-->git/cyclop-connect-android/AndroidManifest.xml:114:17-78
124        </activity>
125        <activity
125-->git/cyclop-connect-android/AndroidManifest.xml:116:9-123:20
126            android:name="org.kde.kdeconnect.UserInterface.CustomDevicesActivity"
126-->git/cyclop-connect-android/AndroidManifest.xml:117:13-82
127            android:label="@string/custom_devices_settings"
127-->git/cyclop-connect-android/AndroidManifest.xml:118:13-60
128            android:parentActivityName="org.kde.kdeconnect.UserInterface.MainActivity" >
128-->git/cyclop-connect-android/AndroidManifest.xml:119:13-87
129            <meta-data
129-->git/cyclop-connect-android/AndroidManifest.xml:112:13-114:81
130                android:name="android.support.PARENT_ACTIVITY"
130-->git/cyclop-connect-android/AndroidManifest.xml:113:17-63
131                android:value="org.kde.kdeconnect.UserInterface.MainActivity" />
131-->git/cyclop-connect-android/AndroidManifest.xml:114:17-78
132        </activity>
133        <activity
133-->git/cyclop-connect-android/AndroidManifest.xml:124:9-131:20
134            android:name="org.kde.kdeconnect.Plugins.SharePlugin.SendFileActivity"
134-->git/cyclop-connect-android/AndroidManifest.xml:125:13-83
135            android:label="Cyclop Connect"
135-->git/cyclop-connect-android/AndroidManifest.xml:126:13-43
136            android:parentActivityName="org.kde.kdeconnect.UserInterface.MainActivity" >
136-->git/cyclop-connect-android/AndroidManifest.xml:127:13-87
137            <meta-data
137-->git/cyclop-connect-android/AndroidManifest.xml:112:13-114:81
138                android:name="android.support.PARENT_ACTIVITY"
138-->git/cyclop-connect-android/AndroidManifest.xml:113:17-63
139                android:value="org.kde.kdeconnect.UserInterface.MainActivity" />
139-->git/cyclop-connect-android/AndroidManifest.xml:114:17-78
140        </activity>
141
142        <receiver android:name="org.kde.kdeconnect.KdeConnectBroadcastReceiver" >
142-->git/cyclop-connect-android/AndroidManifest.xml:133:9-154:20
142-->git/cyclop-connect-android/AndroidManifest.xml:133:19-80
143            <intent-filter>
143-->git/cyclop-connect-android/AndroidManifest.xml:134:13-141:29
144                <action android:name="android.intent.action.PACKAGE_REPLACED" />
144-->git/cyclop-connect-android/AndroidManifest.xml:135:17-81
144-->git/cyclop-connect-android/AndroidManifest.xml:135:25-78
145
146                <data
146-->git/cyclop-connect-android/AndroidManifest.xml:65:17-76
147                    android:host="cyclopconnect"
147-->git/cyclop-connect-android/AndroidManifest.xml:138:21-49
148                    android:path="/"
148-->git/cyclop-connect-android/AndroidManifest.xml:139:21-37
149                    android:scheme="package" />
149-->git/cyclop-connect-android/AndroidManifest.xml:140:21-45
150            </intent-filter>
151            <intent-filter>
151-->git/cyclop-connect-android/AndroidManifest.xml:142:13-144:29
152                <action android:name="android.intent.action.MY_PACKAGE_REPLACED" />
152-->git/cyclop-connect-android/AndroidManifest.xml:143:17-83
152-->git/cyclop-connect-android/AndroidManifest.xml:143:25-81
153            </intent-filter>
154            <intent-filter>
154-->git/cyclop-connect-android/AndroidManifest.xml:145:13-147:29
155                <action android:name="android.intent.action.BOOT_COMPLETED" />
155-->git/cyclop-connect-android/AndroidManifest.xml:146:17-79
155-->git/cyclop-connect-android/AndroidManifest.xml:146:25-76
156            </intent-filter>
157            <intent-filter>
157-->git/cyclop-connect-android/AndroidManifest.xml:148:13-150:29
158                <action android:name="android.net.conn.CONNECTIVITY_CHANGE" />
158-->git/cyclop-connect-android/AndroidManifest.xml:149:17-79
158-->git/cyclop-connect-android/AndroidManifest.xml:149:25-76
159            </intent-filter>
160            <intent-filter>
160-->git/cyclop-connect-android/AndroidManifest.xml:151:13-153:29
161                <action android:name="android.net.wifi.WIFI_STATE_CHANGED" />
161-->git/cyclop-connect-android/AndroidManifest.xml:152:17-78
161-->git/cyclop-connect-android/AndroidManifest.xml:152:25-75
162            </intent-filter>
163        </receiver>
164
165        <activity
165-->git/cyclop-connect-android/AndroidManifest.xml:156:9-161:51
166            android:name="org.kde.kdeconnect.Plugins.FindMyPhonePlugin.FindMyPhoneActivity"
166-->git/cyclop-connect-android/AndroidManifest.xml:157:13-92
167            android:configChanges="orientation|screenSize"
167-->git/cyclop-connect-android/AndroidManifest.xml:158:13-59
168            android:excludeFromRecents="true"
168-->git/cyclop-connect-android/AndroidManifest.xml:159:13-46
169            android:label="@string/findmyphone_title"
169-->git/cyclop-connect-android/AndroidManifest.xml:160:13-54
170            android:launchMode="singleInstance" />
170-->git/cyclop-connect-android/AndroidManifest.xml:161:13-48
171
172        <receiver android:name="org.kde.kdeconnect.Plugins.FindMyPhonePlugin.FindMyPhoneReceiver" >
172-->git/cyclop-connect-android/AndroidManifest.xml:163:9-167:20
172-->git/cyclop-connect-android/AndroidManifest.xml:163:19-98
173            <intent-filter>
173-->git/cyclop-connect-android/AndroidManifest.xml:164:13-166:29
174                <action android:name="org.kde.kdeconnect.Plugins.FindMyPhonePlugin.foundIt" />
174-->git/cyclop-connect-android/AndroidManifest.xml:165:17-95
174-->git/cyclop-connect-android/AndroidManifest.xml:165:25-92
175            </intent-filter>
176        </receiver>
177
178        <!-- Plugin-related activities and services -->
179
180        <activity
180-->git/cyclop-connect-android/AndroidManifest.xml:171:9-174:48
181            android:name="org.kde.kdeconnect.Plugins.ClibpoardPlugin.ClipboardFloatingActivity"
181-->git/cyclop-connect-android/AndroidManifest.xml:172:13-96
182            android:excludeFromRecents="true"
182-->git/cyclop-connect-android/AndroidManifest.xml:174:13-46
183            android:theme="@style/Theme.Transparent" />
183-->git/cyclop-connect-android/AndroidManifest.xml:173:13-53
184
185        <!-- Switching to landscape causes the app to crash, so made it portrait-only -->
186        <activity
186-->git/cyclop-connect-android/AndroidManifest.xml:177:9-187:20
187            android:name="org.kde.kdeconnect.Plugins.MprisPlugin.MprisActivity"
187-->git/cyclop-connect-android/AndroidManifest.xml:178:13-80
188            android:label="@string/open_mpris_controls"
188-->git/cyclop-connect-android/AndroidManifest.xml:179:13-56
189            android:launchMode="singleTop"
189-->git/cyclop-connect-android/AndroidManifest.xml:180:13-43
190            android:parentActivityName="org.kde.kdeconnect.UserInterface.MainActivity"
190-->git/cyclop-connect-android/AndroidManifest.xml:183:13-87
191            android:screenOrientation="portrait"
191-->git/cyclop-connect-android/AndroidManifest.xml:182:13-49
192            android:theme="@style/KdeConnectTheme.NoActionBar" >
192-->git/cyclop-connect-android/AndroidManifest.xml:181:13-63
193            <meta-data
193-->git/cyclop-connect-android/AndroidManifest.xml:112:13-114:81
194                android:name="android.support.PARENT_ACTIVITY"
194-->git/cyclop-connect-android/AndroidManifest.xml:113:17-63
195                android:value="org.kde.kdeconnect.UserInterface.MainActivity" />
195-->git/cyclop-connect-android/AndroidManifest.xml:114:17-78
196        </activity>
197
198        <receiver android:name="org.kde.kdeconnect.Plugins.MprisPlugin.MprisMediaNotificationReceiver" >
198-->git/cyclop-connect-android/AndroidManifest.xml:189:9-193:20
198-->git/cyclop-connect-android/AndroidManifest.xml:189:19-103
199            <intent-filter>
199-->git/cyclop-connect-android/AndroidManifest.xml:190:13-192:29
200                <action android:name="android.intent.action.MEDIA_BUTTON" />
200-->git/cyclop-connect-android/AndroidManifest.xml:191:17-77
200-->git/cyclop-connect-android/AndroidManifest.xml:191:25-74
201            </intent-filter>
202        </receiver>
203
204        <activity
204-->git/cyclop-connect-android/AndroidManifest.xml:195:9-202:20
205            android:name="org.kde.kdeconnect.Plugins.RunCommandPlugin.RunCommandActivity"
205-->git/cyclop-connect-android/AndroidManifest.xml:196:13-90
206            android:label="@string/pref_plugin_runcommand"
206-->git/cyclop-connect-android/AndroidManifest.xml:197:13-59
207            android:parentActivityName="org.kde.kdeconnect.UserInterface.MainActivity" >
207-->git/cyclop-connect-android/AndroidManifest.xml:198:13-87
208            <meta-data
208-->git/cyclop-connect-android/AndroidManifest.xml:112:13-114:81
209                android:name="android.support.PARENT_ACTIVITY"
209-->git/cyclop-connect-android/AndroidManifest.xml:113:17-63
210                android:value="org.kde.kdeconnect.UserInterface.MainActivity" />
210-->git/cyclop-connect-android/AndroidManifest.xml:114:17-78
211        </activity>
212        <activity
212-->git/cyclop-connect-android/AndroidManifest.xml:203:9-210:67
213            android:name="org.kde.kdeconnect.Plugins.RunCommandPlugin.RunCommandWidgetDeviceSelector"
213-->git/cyclop-connect-android/AndroidManifest.xml:204:13-102
214            android:excludeFromRecents="true"
214-->git/cyclop-connect-android/AndroidManifest.xml:205:13-46
215            android:label="@string/pref_plugin_runcommand"
215-->git/cyclop-connect-android/AndroidManifest.xml:206:13-59
216            android:launchMode="singleTask"
216-->git/cyclop-connect-android/AndroidManifest.xml:207:13-44
217            android:noHistory="true"
217-->git/cyclop-connect-android/AndroidManifest.xml:208:13-37
218            android:screenOrientation="user"
218-->git/cyclop-connect-android/AndroidManifest.xml:209:13-45
219            android:theme="@style/Theme.AppCompat.Light.Dialog" />
219-->git/cyclop-connect-android/AndroidManifest.xml:210:13-64
220
221        <service
221-->git/cyclop-connect-android/AndroidManifest.xml:212:9-215:72
222            android:name="org.kde.kdeconnect.Plugins.RunCommandPlugin.RunCommandWidgetDataProviderService"
222-->git/cyclop-connect-android/AndroidManifest.xml:213:13-107
223            android:exported="false"
223-->git/cyclop-connect-android/AndroidManifest.xml:214:13-37
224            android:permission="android.permission.BIND_REMOTEVIEWS" />
224-->git/cyclop-connect-android/AndroidManifest.xml:215:13-69
225
226        <receiver
226-->git/cyclop-connect-android/AndroidManifest.xml:217:9-230:20
227            android:name="org.kde.kdeconnect.Plugins.RunCommandPlugin.RunCommandWidget"
227-->git/cyclop-connect-android/AndroidManifest.xml:218:13-88
228            android:label="@string/pref_plugin_runcommand" >
228-->git/cyclop-connect-android/AndroidManifest.xml:219:13-59
229            <intent-filter>
229-->git/cyclop-connect-android/AndroidManifest.xml:220:13-222:29
230                <action android:name="android.appwidget.action.APPWIDGET_UPDATE" />
230-->git/cyclop-connect-android/AndroidManifest.xml:221:17-84
230-->git/cyclop-connect-android/AndroidManifest.xml:221:25-81
231            </intent-filter>
232            <intent-filter>
232-->git/cyclop-connect-android/AndroidManifest.xml:223:13-225:29
233                <action android:name="RUN_COMMAND_ACTION" />
233-->git/cyclop-connect-android/AndroidManifest.xml:224:17-61
233-->git/cyclop-connect-android/AndroidManifest.xml:224:25-58
234            </intent-filter>
235
236            <meta-data
236-->git/cyclop-connect-android/AndroidManifest.xml:227:13-229:70
237                android:name="android.appwidget.provider"
237-->git/cyclop-connect-android/AndroidManifest.xml:228:17-58
238                android:resource="@xml/remotecommandplugin_widget" />
238-->git/cyclop-connect-android/AndroidManifest.xml:229:17-67
239        </receiver>
240
241        <activity android:name="org.kde.kdeconnect.Plugins.RunCommandPlugin.RunCommandUrlActivity" >
241-->git/cyclop-connect-android/AndroidManifest.xml:232:9-244:20
241-->git/cyclop-connect-android/AndroidManifest.xml:232:19-99
242            <intent-filter>
242-->git/cyclop-connect-android/AndroidManifest.xml:233:13-243:29
243                <action android:name="android.intent.action.VIEW" />
243-->git/cyclop-connect-android/AndroidManifest.xml:234:17-69
243-->git/cyclop-connect-android/AndroidManifest.xml:234:25-66
244                <action android:name="android.nfc.action.NDEF_DISCOVERED" />
244-->git/cyclop-connect-android/AndroidManifest.xml:235:17-77
244-->git/cyclop-connect-android/AndroidManifest.xml:235:25-74
245
246                <category android:name="android.intent.category.DEFAULT" />
246-->git/cyclop-connect-android/AndroidManifest.xml:103:17-76
246-->git/cyclop-connect-android/AndroidManifest.xml:103:27-73
247                <category android:name="android.intent.category.BROWSABLE" />
247-->git/cyclop-connect-android/AndroidManifest.xml:238:17-78
247-->git/cyclop-connect-android/AndroidManifest.xml:238:27-75
248
249                <data
249-->git/cyclop-connect-android/AndroidManifest.xml:65:17-76
250                    android:host="runcommand"
250-->git/cyclop-connect-android/AndroidManifest.xml:138:21-49
251                    android:scheme="cyclopconnect" />
251-->git/cyclop-connect-android/AndroidManifest.xml:140:21-45
252            </intent-filter>
253        </activity>
254        <activity
254-->git/cyclop-connect-android/AndroidManifest.xml:245:9-254:20
255            android:name="org.kde.kdeconnect.Plugins.BigscreenPlugin.BigscreenActivity"
255-->git/cyclop-connect-android/AndroidManifest.xml:246:13-88
256            android:configChanges="orientation|keyboardHidden|screenSize"
256-->git/cyclop-connect-android/AndroidManifest.xml:247:13-74
257            android:label="@string/pref_plugin_bigscreen"
257-->git/cyclop-connect-android/AndroidManifest.xml:248:13-58
258            android:parentActivityName="org.kde.kdeconnect.UserInterface.MainActivity"
258-->git/cyclop-connect-android/AndroidManifest.xml:249:13-87
259            android:windowSoftInputMode="stateHidden|adjustResize" >
259-->git/cyclop-connect-android/AndroidManifest.xml:250:13-67
260            <meta-data
260-->git/cyclop-connect-android/AndroidManifest.xml:112:13-114:81
261                android:name="android.support.PARENT_ACTIVITY"
261-->git/cyclop-connect-android/AndroidManifest.xml:113:17-63
262                android:value="org.kde.kdeconnect.UserInterface.MainActivity" />
262-->git/cyclop-connect-android/AndroidManifest.xml:114:17-78
263        </activity>
264        <activity
264-->git/cyclop-connect-android/AndroidManifest.xml:255:9-262:20
265            android:name="org.kde.kdeconnect.Plugins.MousePadPlugin.MousePadActivity"
265-->git/cyclop-connect-android/AndroidManifest.xml:256:13-86
266            android:label="@string/pref_plugin_mousepad"
266-->git/cyclop-connect-android/AndroidManifest.xml:257:13-57
267            android:parentActivityName="org.kde.kdeconnect.UserInterface.MainActivity" >
267-->git/cyclop-connect-android/AndroidManifest.xml:258:13-87
268            <meta-data
268-->git/cyclop-connect-android/AndroidManifest.xml:112:13-114:81
269                android:name="android.support.PARENT_ACTIVITY"
269-->git/cyclop-connect-android/AndroidManifest.xml:113:17-63
270                android:value="org.kde.kdeconnect.UserInterface.MainActivity" />
270-->git/cyclop-connect-android/AndroidManifest.xml:114:17-78
271        </activity>
272        <activity
272-->git/cyclop-connect-android/AndroidManifest.xml:263:9-276:20
273            android:name="org.kde.kdeconnect.Plugins.MousePadPlugin.SendKeystrokesToHostActivity"
273-->git/cyclop-connect-android/AndroidManifest.xml:264:13-98
274            android:label="@string/pref_plugin_mousepad_send_keystrokes"
274-->git/cyclop-connect-android/AndroidManifest.xml:265:13-73
275            android:parentActivityName="org.kde.kdeconnect.UserInterface.MainActivity" >
275-->git/cyclop-connect-android/AndroidManifest.xml:266:13-87
276            <meta-data
276-->git/cyclop-connect-android/AndroidManifest.xml:112:13-114:81
277                android:name="android.support.PARENT_ACTIVITY"
277-->git/cyclop-connect-android/AndroidManifest.xml:113:17-63
278                android:value="org.kde.kdeconnect.UserInterface.MainActivity" />
278-->git/cyclop-connect-android/AndroidManifest.xml:114:17-78